<?xml version="1.0" encoding="UTF-8"?>
<!-- Generated by org.testng.reporters.JUnitReportReporter -->
<testsuite skipped="0" hostname="DOTNET-LAP" name="sampleJavaApplication.firstTest" tests="1" failures="0" timestamp="2019-11-26T19:23:26 IST" time="0.023" errors="0">
  <testcase name="test" time="0.023" classname="sampleJavaApplication.firstTest"/>
</testsuite> <!-- sampleJavaApplication.firstTest -->
