<?xml version="1.0" encoding="UTF-8"?>
<!-- Generated by org.testng.reporters.JUnitReportReporter -->
<testsuite skipped="0" hostname="DOTNET-LAP" name="sampleJavaApplication.firstTest2" tests="1" failures="0" timestamp="2019-11-21T19:45:24 IST" time="7.810" errors="0">
  <testcase name="test" time="7.810" classname="sampleJavaApplication.firstTest2"/>
</testsuite> <!-- sampleJavaApplication.firstTest2 -->
