<?xml version="1.0" encoding="UTF-8"?>
<!-- Generated by org.testng.reporters.JUnitReportReporter -->
<testsuite skipped="0" hostname="DOTNET-LAP" name="sampleJavaApplication.firstTest3" tests="1" failures="0" timestamp="2019-11-21T19:32:01 IST" time="8.817" errors="0">
  <testcase name="test" time="8.817" classname="sampleJavaApplication.firstTest3"/>
</testsuite> <!-- sampleJavaApplication.firstTest3 -->
